Removed Pin From Net: NetName=NetF1_1 Pin=P1-1
Removed Pin From Net: NetName=NetF2_2 Pin=P1-2
Removed Pin From Net: NetName=NetF3_1 Pin=P1-3
Removed Pin From Net: NetName=NetF4_1 Pin=P1-4
Removed Pin From Net: NetName=NetF5_1 Pin=P1-5
Removed Pin From Net: NetName=NetF6_1 Pin=P1-6
Removed Pin From Net: NetName=NetF7_1 Pin=P1-7
Removed Pin From Net: NetName=NetF8_1 Pin=P1-8
Removed Pin From Net: NetName=NetF9_1 Pin=P1-9
Removed Pin From Net: NetName=NetF10_1 Pin=P1-10
Removed Pin From Net: NetName=NetF9_1 Pin=P1-11
Removed Pin From Net: NetName=NetF9_1 Pin=P1-12
Removed Pin From Net: NetName=NetF11_1 Pin=P1-13
Removed Pin From Net: NetName=NetF9_1 Pin=P1-14
Removed Pin From Net: NetName=NetF12_1 Pin=P1-15
Removed Pin From Net: NetName=NetF13_1 Pin=P1-16
Removed Pin From Net: NetName=NetF14_1 Pin=P1-17
Removed Pin From Net: NetName=NetF15_1 Pin=P1-18
Removed Pin From Net: NetName=NetF16_1 Pin=P1-19
Removed Pin From Net: NetName=NetF17_1 Pin=P1-20
Removed Pin From Net: NetName=NetF18_1 Pin=P1-21
Removed Pin From Net: NetName=NetF19_1 Pin=P1-22
Removed Pin From Net: NetName=NetF20_1 Pin=P1-23
Removed Pin From Net: NetName=NetF20_1 Pin=P1-24
Removed Pin From Net: NetName=NetF20_1 Pin=P1-25
Removed Pin From Net: NetName=NetF20_1 Pin=P1-26
Change Component Comment : Designator=P1 Old Comment=61202622021 New Comment=2-292141-8
Change component parameters: Designator = "P1" ("P1"); Footprint = "61202622021"; UniqueID = "\ISKZQKBM" ("\ISKZQKBM")
Added Pin To Net: NetName=NetF20_1 Pin=P1-1
Added Pin To Net: NetName=NetF20_1 Pin=P1-2
Added Pin To Net: NetName=NetF19_1 Pin=P1-3
Added Pin To Net: NetName=NetF17_1 Pin=P1-4
Added Pin To Net: NetName=NetF15_1 Pin=P1-5
Added Pin To Net: NetName=NetF13_1 Pin=P1-6
Added Pin To Net: NetName=NetF9_1 Pin=P1-7
Added Pin To Net: NetName=NetF9_1 Pin=P1-8
Added Pin To Net: NetName=NetF10_1 Pin=P1-9
Added Pin To Net: NetName=NetF8_1 Pin=P1-10
Added Pin To Net: NetName=NetF6_1 Pin=P1-11
Added Pin To Net: NetName=NetF4_1 Pin=P1-12
Added Pin To Net: NetName=NetF2_2 Pin=P1-13
Added Pin To Net: NetName=NetF20_1 Pin=P1-14
Added Pin To Net: NetName=NetF20_1 Pin=P1-15
Added Pin To Net: NetName=NetF18_1 Pin=P1-16
Added Pin To Net: NetName=NetF16_1 Pin=P1-17
Added Pin To Net: NetName=NetF14_1 Pin=P1-18
Added Pin To Net: NetName=NetF12_1 Pin=P1-19
Added Pin To Net: NetName=NetF11_1 Pin=P1-20
Added Pin To Net: NetName=NetF9_1 Pin=P1-21
Added Pin To Net: NetName=NetF9_1 Pin=P1-22
Added Pin To Net: NetName=NetF7_1 Pin=P1-23
Added Pin To Net: NetName=NetF5_1 Pin=P1-24
Added Pin To Net: NetName=NetF3_1 Pin=P1-25
Added Pin To Net: NetName=NetF1_1 Pin=P1-26
Added Member To Class: ClassName=VoltTap Member=Component F15 C1T5
Added Member To Class: ClassName=VoltTap Member=Component F20 C1T5
