Added Component: Designator=F1(C1T5)
Add component (AddParameter): Name = "ComponentLink1Description"; Value = "New link"; VariantName = "[No Variations]"
Add component (AddParameter): Name = "ComponentLink1URL"; Value = "https://www.mouser.com/ProductDetail/Bel-Fuse/C1T5?qs=GtFly9OVs8%2FF1GxRAaUoTA%3D%3D#.Xzf8gWXWqWc.link"; VariantName = "[No Variations]"
Added Component: Designator=F2(C1T5)
Add component (AddParameter): Name = "ComponentLink1Description"; Value = "New link"; VariantName = "[No Variations]"
Add component (AddParameter): Name = "ComponentLink1URL"; Value = "https://www.mouser.com/ProductDetail/Bel-Fuse/C1T5?qs=GtFly9OVs8%2FF1GxRAaUoTA%3D%3D#.Xzf8gWXWqWc.link"; VariantName = "[No Variations]"
Added Component: Designator=F3(C1T5)
Add component (AddParameter): Name = "ComponentLink1Description"; Value = "New link"; VariantName = "[No Variations]"
Add component (AddParameter): Name = "ComponentLink1URL"; Value = "https://www.mouser.com/ProductDetail/Bel-Fuse/C1T5?qs=GtFly9OVs8%2FF1GxRAaUoTA%3D%3D#.Xzf8gWXWqWc.link"; VariantName = "[No Variations]"
Added Component: Designator=F4(C1T5)
Add component (AddParameter): Name = "ComponentLink1Description"; Value = "New link"; VariantName = "[No Variations]"
Add component (AddParameter): Name = "ComponentLink1URL"; Value = "https://www.mouser.com/ProductDetail/Bel-Fuse/C1T5?qs=GtFly9OVs8%2FF1GxRAaUoTA%3D%3D#.Xzf8gWXWqWc.link"; VariantName = "[No Variations]"
Added Component: Designator=F5(C1T5)
Add component (AddParameter): Name = "ComponentLink1Description"; Value = "New link"; VariantName = "[No Variations]"
Add component (AddParameter): Name = "ComponentLink1URL"; Value = "https://www.mouser.com/ProductDetail/Bel-Fuse/C1T5?qs=GtFly9OVs8%2FF1GxRAaUoTA%3D%3D#.Xzf8gWXWqWc.link"; VariantName = "[No Variations]"
Added Component: Designator=F6(C1T5)
Add component (AddParameter): Name = "ComponentLink1Description"; Value = "New link"; VariantName = "[No Variations]"
Add component (AddParameter): Name = "ComponentLink1URL"; Value = "https://www.mouser.com/ProductDetail/Bel-Fuse/C1T5?qs=GtFly9OVs8%2FF1GxRAaUoTA%3D%3D#.Xzf8gWXWqWc.link"; VariantName = "[No Variations]"
Added Component: Designator=F7(C1T5)
Add component (AddParameter): Name = "ComponentLink1Description"; Value = "New link"; VariantName = "[No Variations]"
Add component (AddParameter): Name = "ComponentLink1URL"; Value = "https://www.mouser.com/ProductDetail/Bel-Fuse/C1T5?qs=GtFly9OVs8%2FF1GxRAaUoTA%3D%3D#.Xzf8gWXWqWc.link"; VariantName = "[No Variations]"
Added Component: Designator=F8(C1T5)
Add component (AddParameter): Name = "ComponentLink1Description"; Value = "New link"; VariantName = "[No Variations]"
Add component (AddParameter): Name = "ComponentLink1URL"; Value = "https://www.mouser.com/ProductDetail/Bel-Fuse/C1T5?qs=GtFly9OVs8%2FF1GxRAaUoTA%3D%3D#.Xzf8gWXWqWc.link"; VariantName = "[No Variations]"
Added Component: Designator=F9(C1T5)
Add component (AddParameter): Name = "ComponentLink1Description"; Value = "New link"; VariantName = "[No Variations]"
Add component (AddParameter): Name = "ComponentLink1URL"; Value = "https://www.mouser.com/ProductDetail/Bel-Fuse/C1T5?qs=GtFly9OVs8%2FF1GxRAaUoTA%3D%3D#.Xzf8gWXWqWc.link"; VariantName = "[No Variations]"
Added Component: Designator=F10(C1T5)
Add component (AddParameter): Name = "ComponentLink1Description"; Value = "New link"; VariantName = "[No Variations]"
Add component (AddParameter): Name = "ComponentLink1URL"; Value = "https://www.mouser.com/ProductDetail/Bel-Fuse/C1T5?qs=GtFly9OVs8%2FF1GxRAaUoTA%3D%3D#.Xzf8gWXWqWc.link"; VariantName = "[No Variations]"
Added Component: Designator=F11(C1T5)
Add component (AddParameter): Name = "ComponentLink1Description"; Value = "New link"; VariantName = "[No Variations]"
Add component (AddParameter): Name = "ComponentLink1URL"; Value = "https://www.mouser.com/ProductDetail/Bel-Fuse/C1T5?qs=GtFly9OVs8%2FF1GxRAaUoTA%3D%3D#.Xzf8gWXWqWc.link"; VariantName = "[No Variations]"
Added Component: Designator=F12(C1T5)
Add component (AddParameter): Name = "ComponentLink1Description"; Value = "New link"; VariantName = "[No Variations]"
Add component (AddParameter): Name = "ComponentLink1URL"; Value = "https://www.mouser.com/ProductDetail/Bel-Fuse/C1T5?qs=GtFly9OVs8%2FF1GxRAaUoTA%3D%3D#.Xzf8gWXWqWc.link"; VariantName = "[No Variations]"
Added Component: Designator=F13(C1T5)
Add component (AddParameter): Name = "ComponentLink1Description"; Value = "New link"; VariantName = "[No Variations]"
Add component (AddParameter): Name = "ComponentLink1URL"; Value = "https://www.mouser.com/ProductDetail/Bel-Fuse/C1T5?qs=GtFly9OVs8%2FF1GxRAaUoTA%3D%3D#.Xzf8gWXWqWc.link"; VariantName = "[No Variations]"
Added Component: Designator=F14(C1T5)
Add component (AddParameter): Name = "ComponentLink1Description"; Value = "New link"; VariantName = "[No Variations]"
Add component (AddParameter): Name = "ComponentLink1URL"; Value = "https://www.mouser.com/ProductDetail/Bel-Fuse/C1T5?qs=GtFly9OVs8%2FF1GxRAaUoTA%3D%3D#.Xzf8gWXWqWc.link"; VariantName = "[No Variations]"
Added Component: Designator=F15(C1T5)
Add component (AddParameter): Name = "ComponentLink1Description"; Value = "New link"; VariantName = "[No Variations]"
Add component (AddParameter): Name = "ComponentLink1URL"; Value = "https://www.mouser.com/ProductDetail/Bel-Fuse/C1T5?qs=GtFly9OVs8%2FF1GxRAaUoTA%3D%3D#.Xzf8gWXWqWc.link"; VariantName = "[No Variations]"
Added Component: Designator=F16(C1T5)
Add component (AddParameter): Name = "ComponentLink1Description"; Value = "New link"; VariantName = "[No Variations]"
Add component (AddParameter): Name = "ComponentLink1URL"; Value = "https://www.mouser.com/ProductDetail/Bel-Fuse/C1T5?qs=GtFly9OVs8%2FF1GxRAaUoTA%3D%3D#.Xzf8gWXWqWc.link"; VariantName = "[No Variations]"
Added Component: Designator=F17(C1T5)
Add component (AddParameter): Name = "ComponentLink1Description"; Value = "New link"; VariantName = "[No Variations]"
Add component (AddParameter): Name = "ComponentLink1URL"; Value = "https://www.mouser.com/ProductDetail/Bel-Fuse/C1T5?qs=GtFly9OVs8%2FF1GxRAaUoTA%3D%3D#.Xzf8gWXWqWc.link"; VariantName = "[No Variations]"
Added Component: Designator=F18(C1T5)
Add component (AddParameter): Name = "ComponentLink1Description"; Value = "New link"; VariantName = "[No Variations]"
Add component (AddParameter): Name = "ComponentLink1URL"; Value = "https://www.mouser.com/ProductDetail/Bel-Fuse/C1T5?qs=GtFly9OVs8%2FF1GxRAaUoTA%3D%3D#.Xzf8gWXWqWc.link"; VariantName = "[No Variations]"
Added Component: Designator=F19(C1T5)
Add component (AddParameter): Name = "ComponentLink1Description"; Value = "New link"; VariantName = "[No Variations]"
Add component (AddParameter): Name = "ComponentLink1URL"; Value = "https://www.mouser.com/ProductDetail/Bel-Fuse/C1T5?qs=GtFly9OVs8%2FF1GxRAaUoTA%3D%3D#.Xzf8gWXWqWc.link"; VariantName = "[No Variations]"
Added Component: Designator=F20(C1T5)
Add component (AddParameter): Name = "ComponentLink1Description"; Value = "New link"; VariantName = "[No Variations]"
Add component (AddParameter): Name = "ComponentLink1URL"; Value = "https://www.mouser.com/ProductDetail/Bel-Fuse/C1T5?qs=GtFly9OVs8%2FF1GxRAaUoTA%3D%3D#.Xzf8gWXWqWc.link"; VariantName = "[No Variations]"
Added Component: Designator=F21(C1T5)
Add component (AddParameter): Name = "ComponentLink1Description"; Value = "New link"; VariantName = "[No Variations]"
Add component (AddParameter): Name = "ComponentLink1URL"; Value = "https://www.mouser.com/ProductDetail/Bel-Fuse/C1T5?qs=GtFly9OVs8%2FF1GxRAaUoTA%3D%3D#.Xzf8gWXWqWc.link"; VariantName = "[No Variations]"
Added Component: Designator=F22(C1T5)
Add component (AddParameter): Name = "ComponentLink1Description"; Value = "New link"; VariantName = "[No Variations]"
Add component (AddParameter): Name = "ComponentLink1URL"; Value = "https://www.mouser.com/ProductDetail/Bel-Fuse/C1T5?qs=GtFly9OVs8%2FF1GxRAaUoTA%3D%3D#.Xzf8gWXWqWc.link"; VariantName = "[No Variations]"
Added Component: Designator=F23(C1T5)
Add component (AddParameter): Name = "ComponentLink1Description"; Value = "New link"; VariantName = "[No Variations]"
Add component (AddParameter): Name = "ComponentLink1URL"; Value = "https://www.mouser.com/ProductDetail/Bel-Fuse/C1T5?qs=GtFly9OVs8%2FF1GxRAaUoTA%3D%3D#.Xzf8gWXWqWc.link"; VariantName = "[No Variations]"
Added Component: Designator=F24(C1T5)
Add component (AddParameter): Name = "ComponentLink1Description"; Value = "New link"; VariantName = "[No Variations]"
Add component (AddParameter): Name = "ComponentLink1URL"; Value = "https://www.mouser.com/ProductDetail/Bel-Fuse/C1T5?qs=GtFly9OVs8%2FF1GxRAaUoTA%3D%3D#.Xzf8gWXWqWc.link"; VariantName = "[No Variations]"
Added Component: Designator=F25(C1T5)
Add component (AddParameter): Name = "ComponentLink1Description"; Value = "New link"; VariantName = "[No Variations]"
Add component (AddParameter): Name = "ComponentLink1URL"; Value = "https://www.mouser.com/ProductDetail/Bel-Fuse/C1T5?qs=GtFly9OVs8%2FF1GxRAaUoTA%3D%3D#.Xzf8gWXWqWc.link"; VariantName = "[No Variations]"
Added Component: Designator=F26(C1T5)
Add component (AddParameter): Name = "ComponentLink1Description"; Value = "New link"; VariantName = "[No Variations]"
Add component (AddParameter): Name = "ComponentLink1URL"; Value = "https://www.mouser.com/ProductDetail/Bel-Fuse/C1T5?qs=GtFly9OVs8%2FF1GxRAaUoTA%3D%3D#.Xzf8gWXWqWc.link"; VariantName = "[No Variations]"
Added Component: Designator=F27(C1T5)
Add component (AddParameter): Name = "ComponentLink1Description"; Value = "New link"; VariantName = "[No Variations]"
Add component (AddParameter): Name = "ComponentLink1URL"; Value = "https://www.mouser.com/ProductDetail/Bel-Fuse/C1T5?qs=GtFly9OVs8%2FF1GxRAaUoTA%3D%3D#.Xzf8gWXWqWc.link"; VariantName = "[No Variations]"
Added Component: Designator=F28(C1T5)
Add component (AddParameter): Name = "ComponentLink1Description"; Value = "New link"; VariantName = "[No Variations]"
Add component (AddParameter): Name = "ComponentLink1URL"; Value = "https://www.mouser.com/ProductDetail/Bel-Fuse/C1T5?qs=GtFly9OVs8%2FF1GxRAaUoTA%3D%3D#.Xzf8gWXWqWc.link"; VariantName = "[No Variations]"
Added Pin To Net: NetName=NetF1_1 Pin=F1-1
Added Pin To Net: NetName=NetF1_1 Pin=J1-15
Added Net: Name=NetF1_1
Added Pin To Net: NetName=NetF1_2 Pin=F1-2
Added Pin To Net: NetName=NetF1_2 Pin=J2-1
Added Net: Name=NetF1_2
Added Pin To Net: NetName=NetF2_1 Pin=F2-1
Added Pin To Net: NetName=NetF2_1 Pin=J1-16
Added Net: Name=NetF2_1
Added Pin To Net: NetName=NetF2_2 Pin=F2-2
Added Pin To Net: NetName=NetF2_2 Pin=J2-2
Added Net: Name=NetF2_2
Added Pin To Net: NetName=NetF3_1 Pin=F3-1
Added Pin To Net: NetName=NetF3_1 Pin=J1-17
Added Net: Name=NetF3_1
Added Pin To Net: NetName=NetF3_2 Pin=F3-2
Added Pin To Net: NetName=NetF3_2 Pin=J2-3
Added Net: Name=NetF3_2
Added Pin To Net: NetName=NetF4_1 Pin=F4-1
Added Pin To Net: NetName=NetF4_1 Pin=J1-18
Added Net: Name=NetF4_1
Added Pin To Net: NetName=NetF4_2 Pin=F4-2
Added Pin To Net: NetName=NetF4_2 Pin=J2-4
Added Net: Name=NetF4_2
Added Pin To Net: NetName=NetF5_1 Pin=F5-1
Added Pin To Net: NetName=NetF5_1 Pin=J1-19
Added Net: Name=NetF5_1
Added Pin To Net: NetName=NetF5_2 Pin=F5-2
Added Pin To Net: NetName=NetF5_2 Pin=J2-5
Added Net: Name=NetF5_2
Added Pin To Net: NetName=NetF6_1 Pin=F6-1
Added Pin To Net: NetName=NetF6_1 Pin=J1-20
Added Net: Name=NetF6_1
Added Pin To Net: NetName=NetF6_2 Pin=F6-2
Added Pin To Net: NetName=NetF6_2 Pin=J2-6
Added Net: Name=NetF6_2
Added Pin To Net: NetName=NetF7_1 Pin=F7-1
Added Pin To Net: NetName=NetF7_1 Pin=J1-22
Added Net: Name=NetF7_1
Added Pin To Net: NetName=NetF7_2 Pin=F7-2
Added Pin To Net: NetName=NetF7_2 Pin=J4-1
Added Net: Name=NetF7_2
Added Pin To Net: NetName=NetF8_1 Pin=F8-1
Added Pin To Net: NetName=NetF8_1 Pin=J1-21
Added Net: Name=NetF8_1
Added Pin To Net: NetName=NetF8_2 Pin=F8-2
Added Pin To Net: NetName=NetF8_2 Pin=J4-2
Added Net: Name=NetF8_2
Added Pin To Net: NetName=NetF9_1 Pin=F9-1
Added Pin To Net: NetName=NetF9_1 Pin=J1-23
Added Net: Name=NetF9_1
Added Pin To Net: NetName=NetF9_2 Pin=F9-2
Added Pin To Net: NetName=NetF9_2 Pin=J3-1
Added Net: Name=NetF9_2
Added Pin To Net: NetName=NetF10_1 Pin=F10-1
Added Pin To Net: NetName=NetF10_1 Pin=J1-24
Added Net: Name=NetF10_1
Added Pin To Net: NetName=NetF10_2 Pin=F10-2
Added Pin To Net: NetName=NetF10_2 Pin=J3-2
Added Net: Name=NetF10_2
Added Pin To Net: NetName=NetF11_1 Pin=F11-1
Added Pin To Net: NetName=NetF11_1 Pin=J1-25
Added Net: Name=NetF11_1
Added Pin To Net: NetName=NetF11_2 Pin=F11-2
Added Pin To Net: NetName=NetF11_2 Pin=J3-3
Added Net: Name=NetF11_2
Added Pin To Net: NetName=NetF12_1 Pin=F12-1
Added Pin To Net: NetName=NetF12_1 Pin=J1-26
Added Net: Name=NetF12_1
Added Pin To Net: NetName=NetF12_2 Pin=F12-2
Added Pin To Net: NetName=NetF12_2 Pin=J3-4
Added Net: Name=NetF12_2
Added Pin To Net: NetName=NetF13_1 Pin=F13-1
Added Pin To Net: NetName=NetF13_1 Pin=J1-27
Added Net: Name=NetF13_1
Added Pin To Net: NetName=NetF13_2 Pin=F13-2
Added Pin To Net: NetName=NetF13_2 Pin=J3-5
Added Net: Name=NetF13_2
Added Pin To Net: NetName=NetF14_1 Pin=F14-1
Added Pin To Net: NetName=NetF14_1 Pin=J1-28
Added Net: Name=NetF14_1
Added Pin To Net: NetName=NetF14_2 Pin=F14-2
Added Pin To Net: NetName=NetF14_2 Pin=J3-6
Added Net: Name=NetF14_2
Added Pin To Net: NetName=NetF15_1 Pin=F15-1
Added Pin To Net: NetName=NetF15_1 Pin=J5-5
Added Net: Name=NetF15_1
Added Pin To Net: NetName=NetF15_2 Pin=F15-2
Added Pin To Net: NetName=NetF15_2 Pin=J1-5
Added Net: Name=NetF15_2
Added Pin To Net: NetName=NetF16_1 Pin=F16-1
Added Pin To Net: NetName=NetF16_1 Pin=J5-4
Added Net: Name=NetF16_1
Added Pin To Net: NetName=NetF16_2 Pin=F16-2
Added Pin To Net: NetName=NetF16_2 Pin=J1-4
Added Net: Name=NetF16_2
Added Pin To Net: NetName=NetF17_1 Pin=F17-1
Added Pin To Net: NetName=NetF17_1 Pin=J5-3
Added Net: Name=NetF17_1
Added Pin To Net: NetName=NetF17_2 Pin=F17-2
Added Pin To Net: NetName=NetF17_2 Pin=J1-3
Added Net: Name=NetF17_2
Added Pin To Net: NetName=NetF18_1 Pin=F18-1
Added Pin To Net: NetName=NetF18_1 Pin=J5-2
Added Net: Name=NetF18_1
Added Pin To Net: NetName=NetF18_2 Pin=F18-2
Added Pin To Net: NetName=NetF18_2 Pin=J1-2
Added Net: Name=NetF18_2
Added Pin To Net: NetName=NetF19_1 Pin=F19-1
Added Pin To Net: NetName=NetF19_1 Pin=J5-1
Added Net: Name=NetF19_1
Added Pin To Net: NetName=NetF19_2 Pin=F19-2
Added Pin To Net: NetName=NetF19_2 Pin=J1-1
Added Net: Name=NetF19_2
Added Pin To Net: NetName=NetF20_1 Pin=F20-1
Added Pin To Net: NetName=NetF20_1 Pin=J7-2
Added Net: Name=NetF20_1
Added Pin To Net: NetName=NetF20_2 Pin=F20-2
Added Pin To Net: NetName=NetF20_2 Pin=J1-8
Added Net: Name=NetF20_2
Added Pin To Net: NetName=NetF21_1 Pin=F21-1
Added Pin To Net: NetName=NetF21_1 Pin=J7-1
Added Net: Name=NetF21_1
Added Pin To Net: NetName=NetF21_2 Pin=F21-2
Added Pin To Net: NetName=NetF21_2 Pin=J1-7
Added Net: Name=NetF21_2
Added Pin To Net: NetName=NetF22_1 Pin=F22-1
Added Pin To Net: NetName=NetF22_1 Pin=J6-6
Added Net: Name=NetF22_1
Added Pin To Net: NetName=NetF22_2 Pin=F22-2
Added Pin To Net: NetName=NetF22_2 Pin=J1-14
Added Net: Name=NetF22_2
Added Pin To Net: NetName=NetF23_1 Pin=F23-1
Added Pin To Net: NetName=NetF23_1 Pin=J6-5
Added Net: Name=NetF23_1
Added Pin To Net: NetName=NetF23_2 Pin=F23-2
Added Pin To Net: NetName=NetF23_2 Pin=J1-13
Added Net: Name=NetF23_2
Added Pin To Net: NetName=NetF24_1 Pin=F24-1
Added Pin To Net: NetName=NetF24_1 Pin=J6-4
Added Net: Name=NetF24_1
Added Pin To Net: NetName=NetF24_2 Pin=F24-2
Added Pin To Net: NetName=NetF24_2 Pin=J1-12
Added Net: Name=NetF24_2
Added Pin To Net: NetName=NetF25_1 Pin=F25-1
Added Pin To Net: NetName=NetF25_1 Pin=J6-3
Added Net: Name=NetF25_1
Added Pin To Net: NetName=NetF25_2 Pin=F25-2
Added Pin To Net: NetName=NetF25_2 Pin=J1-11
Added Net: Name=NetF25_2
Added Pin To Net: NetName=NetF26_1 Pin=F26-1
Added Pin To Net: NetName=NetF26_1 Pin=J6-2
Added Net: Name=NetF26_1
Added Pin To Net: NetName=NetF26_2 Pin=F26-2
Added Pin To Net: NetName=NetF26_2 Pin=J1-10
Added Net: Name=NetF26_2
Added Pin To Net: NetName=NetF27_1 Pin=F27-1
Added Pin To Net: NetName=NetF27_1 Pin=J6-1
Added Net: Name=NetF27_1
Added Pin To Net: NetName=NetF27_2 Pin=F27-2
Added Pin To Net: NetName=NetF27_2 Pin=J1-9
Added Net: Name=NetF27_2
Added Pin To Net: NetName=NetF28_1 Pin=F28-1
Added Pin To Net: NetName=NetF28_1 Pin=J5-6
Added Net: Name=NetF28_1
Added Pin To Net: NetName=NetF28_2 Pin=F28-2
Added Pin To Net: NetName=NetF28_2 Pin=J1-6
Added Net: Name=NetF28_2
Added Member To Class: ClassName=Therms Member=Component F1 C1T5
Added Member To Class: ClassName=Therms Member=Component F2 C1T5
Added Member To Class: ClassName=Therms Member=Component F3 C1T5
Added Member To Class: ClassName=Therms Member=Component F4 C1T5
Added Member To Class: ClassName=Therms Member=Component F5 C1T5
Added Member To Class: ClassName=Therms Member=Component F6 C1T5
Added Member To Class: ClassName=Therms Member=Component F7 C1T5
Added Member To Class: ClassName=Therms Member=Component F8 C1T5
Added Member To Class: ClassName=Therms Member=Component F9 C1T5
Added Member To Class: ClassName=Therms Member=Component F10 C1T5
Added Member To Class: ClassName=Therms Member=Component F11 C1T5
Added Member To Class: ClassName=Therms Member=Component F12 C1T5
Added Member To Class: ClassName=Therms Member=Component F13 C1T5
Added Member To Class: ClassName=Therms Member=Component F14 C1T5
Added Member To Class: ClassName=Therms Member=Component F15 C1T5
Added Member To Class: ClassName=Therms Member=Component F16 C1T5
Added Member To Class: ClassName=Therms Member=Component F17 C1T5
Added Member To Class: ClassName=Therms Member=Component F18 C1T5
Added Member To Class: ClassName=Therms Member=Component F19 C1T5
Added Member To Class: ClassName=Therms Member=Component F20 C1T5
Added Member To Class: ClassName=Therms Member=Component F21 C1T5
Added Member To Class: ClassName=Therms Member=Component F22 C1T5
Added Member To Class: ClassName=Therms Member=Component F23 C1T5
Added Member To Class: ClassName=Therms Member=Component F24 C1T5
Added Member To Class: ClassName=Therms Member=Component F25 C1T5
Added Member To Class: ClassName=Therms Member=Component F26 C1T5
Added Member To Class: ClassName=Therms Member=Component F27 C1T5
Added Member To Class: ClassName=Therms Member=Component F28 C1T5
