Added Component: Designator=J(TE_2-292141-6)
Add component (AddParameter): Name = "Availability"; Value = "Unavailable"; VariantName = "[No Variations]"
Add component (AddParameter): Name = "MF"; Value = "{'manufacturer': 'TE Connectivity'}"; VariantName = "[No Variations]"
Add component (AddParameter): Name = "MP"; Value = "2-292141-6"; VariantName = "[No Variations]"
Add component (AddParameter): Name = "Package"; Value = "None"; VariantName = "[No Variations]"
Add component (AddParameter): Name = "Price"; Value = "None"; VariantName = "[No Variations]"
Add component (AddParameter): Name = "Value"; Value = ""; VariantName = "[No Variations]"
Added Pin To Net: NetName=NetF20_1 Pin=J-1
Added Pin To Net: NetName=NetF20_1 Pin=J-2
Added Pin To Net: NetName=NetF19_1 Pin=J-3
Added Pin To Net: NetName=NetF17_1 Pin=J-4
Added Pin To Net: NetName=NetF15_1 Pin=J-5
Added Pin To Net: NetName=NetF13_1 Pin=J-6
Added Pin To Net: NetName=NetF9_1 Pin=J-7
Added Pin To Net: NetName=NetF9_1 Pin=J-8
Added Pin To Net: NetName=NetF10_1 Pin=J-9
Added Pin To Net: NetName=NetF8_1 Pin=J-10
Added Pin To Net: NetName=NetF6_1 Pin=J-11
Added Pin To Net: NetName=NetF4_1 Pin=J-12
Added Pin To Net: NetName=NetF2_2 Pin=J-13
Added Pin To Net: NetName=NetF20_1 Pin=J-14
Added Pin To Net: NetName=NetF20_1 Pin=J-15
Added Pin To Net: NetName=NetF18_1 Pin=J-16
Added Pin To Net: NetName=NetF16_1 Pin=J-17
Added Pin To Net: NetName=NetF14_1 Pin=J-18
Added Pin To Net: NetName=NetF12_1 Pin=J-19
Added Pin To Net: NetName=NetF11_1 Pin=J-20
Added Pin To Net: NetName=NetF9_1 Pin=J-21
Added Pin To Net: NetName=NetF9_1 Pin=J-22
Added Pin To Net: NetName=NetF7_1 Pin=J-23
Added Pin To Net: NetName=NetF5_1 Pin=J-24
Added Pin To Net: NetName=NetF3_1 Pin=J-25
Added Pin To Net: NetName=NetF1_1 Pin=J-26
Added Member To Class: ClassName=VoltTap Member=Component J 2-292141-6
